2025-01-25 23:34:23 INFO  o.s.t.c.s.AnnotationConfigContextLoaderUtils - Could not detect default configuration classes for test class [com.example.bibliotheque.BibliothequeApplicationTests]: BibliothequeApplicationTests does not declare any static, non-private, non-final, nested classes annotated with @Configuration.
2025-01-25 23:34:23 INFO  o.s.b.t.c.SpringBootTestContextBootstrapper - Found @SpringBootConfiguration com.example.bibliotheque.BibliothequeApplication for test class com.example.bibliotheque.BibliothequeApplicationTests
2025-01-25 23:34:24 INFO  o.s.b.d.r.RestartApplicationListener - Restart disabled due to context in which it is running
2025-01-25 23:34:24 INFO  o.h.validator.internal.util.Version - HV000001: Hibernate Validator 8.0.2.Final
2025-01-25 23:34:24 INFO  c.e.b.BibliothequeApplicationTests - Starting BibliothequeApplicationTests using Java 17.0.8 with PID 4372 (started by idira in C:\Users\idira\Desktop\bibliotheque)
2025-01-25 23:34:24 INFO  c.e.b.BibliothequeApplicationTests - No active profile set, falling back to 1 default profile: "default"
2025-01-25 23:34:25 INFO  o.s.s.c.a.a.c.InitializeUserDetailsBeanManagerConfigurer$InitializeUserDetailsManagerConfigurer - Global AuthenticationManager configured with UserDetailsService bean with name utilisateurService
2025-01-25 23:34:25 WARN  o.s.s.c.a.w.c.AuthorizeHttpRequestsConfigurer$AuthorizationManagerRequestMatcherRegistry - One of the patterns in [/, /public/**, /css/**, /img/**, /js/**, /privacy, /contact, /req/login, /req/signup, cart, /error, /documents/**] is missing a leading slash. This is discouraged; please include the leading slash in all your request matcher patterns. In future versions of Spring Security, leaving out the leading slash will result in an exception.
2025-01-25 23:34:25 DEBUG o.s.s.web.DefaultSecurityFilterChain - Will secure any request with filters: DisableEncodeUrlFilter, WebAsyncManagerIntegrationFilter, SecurityContextHolderFilter, HeaderWriterFilter, LogoutFilter, UsernamePasswordAuthenticationFilter, RequestCacheAwareFilter, SecurityContextHolderAwareRequestFilter, AnonymousAuthenticationFilter, ExceptionTranslationFilter, AuthorizationFilter
2025-01-25 23:34:26 INFO  c.e.b.BibliothequeApplicationTests - Started BibliothequeApplicationTests in 2.187 seconds (process running for 3.355)
2025-01-25 23:34:35 INFO  o.h.validator.internal.util.Version - HV000001: Hibernate Validator 8.0.2.Final
2025-01-25 23:34:35 INFO  c.e.b.BibliothequeApplication - Starting BibliothequeApplication using Java 17.0.8 with PID 5868 (C:\Users\idira\Desktop\bibliotheque\target\classes started by idira in C:\Users\idira\Desktop\bibliotheque)
2025-01-25 23:34:35 INFO  c.e.b.BibliothequeApplication - No active profile set, falling back to 1 default profile: "default"
2025-01-25 23:34:35 INFO  o.s.b.d.e.DevToolsPropertyDefaultsPostProcessor - Devtools property defaults active! Set 'spring.devtools.add-properties' to 'false' to disable
2025-01-25 23:34:35 INFO  o.s.b.d.e.DevToolsPropertyDefaultsPostProcessor - For additional web related logging consider setting the 'logging.level.web' property to 'DEBUG'
2025-01-25 23:34:36 INFO  o.s.b.w.e.tomcat.TomcatWebServer - Tomcat initialized with port 8080 (http)
2025-01-25 23:34:36 INFO  o.a.coyote.http11.Http11NioProtocol - Initializing ProtocolHandler ["http-nio-8080"]
2025-01-25 23:34:36 INFO  o.a.catalina.core.StandardService - Starting service [Tomcat]
2025-01-25 23:34:36 INFO  o.a.catalina.core.StandardEngine - Starting Servlet engine: [Apache Tomcat/10.1.34]
2025-01-25 23:34:36 INFO  o.a.c.c.C.[Tomcat].[localhost].[/] - Initializing Spring embedded WebApplicationContext
2025-01-25 23:34:36 INFO  o.s.b.w.s.c.ServletWebServerApplicationContext - Root WebApplicationContext: initialization completed in 961 ms
2025-01-25 23:34:36 INFO  o.s.s.c.a.a.c.InitializeUserDetailsBeanManagerConfigurer$InitializeUserDetailsManagerConfigurer - Global AuthenticationManager configured with UserDetailsService bean with name utilisateurService
2025-01-25 23:34:36 WARN  o.s.s.c.a.w.c.AuthorizeHttpRequestsConfigurer$AuthorizationManagerRequestMatcherRegistry - One of the patterns in [/, /public/**, /css/**, /img/**, /js/**, /privacy, /contact, /req/login, /req/signup, cart, /error, /documents/**] is missing a leading slash. This is discouraged; please include the leading slash in all your request matcher patterns. In future versions of Spring Security, leaving out the leading slash will result in an exception.
2025-01-25 23:34:37 DEBUG o.s.s.web.DefaultSecurityFilterChain - Will secure any request with filters: DisableEncodeUrlFilter, WebAsyncManagerIntegrationFilter, SecurityContextHolderFilter, HeaderWriterFilter, LogoutFilter, UsernamePasswordAuthenticationFilter, RequestCacheAwareFilter, SecurityContextHolderAwareRequestFilter, AnonymousAuthenticationFilter, ExceptionTranslationFilter, AuthorizationFilter
2025-01-25 23:34:37 INFO  o.s.b.d.a.OptionalLiveReloadServer - LiveReload server is running on port 35729
2025-01-25 23:34:37 INFO  o.a.coyote.http11.Http11NioProtocol - Starting ProtocolHandler ["http-nio-8080"]
2025-01-25 23:34:37 INFO  o.s.b.w.e.tomcat.TomcatWebServer - Tomcat started on port 8080 (http) with context path '/'
2025-01-25 23:34:37 INFO  c.e.b.BibliothequeApplication - Started BibliothequeApplication in 1.885 seconds (process running for 2.312)
2025-01-25 23:34:45 INFO  o.a.c.c.C.[Tomcat].[localhost].[/] - Initializing Spring DispatcherServlet 'dispatcherServlet'
2025-01-25 23:34:45 INFO  o.s.web.servlet.DispatcherServlet - Initializing Servlet 'dispatcherServlet'
2025-01-25 23:34:45 INFO  o.s.web.servlet.DispatcherServlet - Completed initialization in 2 ms
2025-01-25 23:34:45 DEBUG o.s.security.web.FilterChainProxy - Securing GET /
2025-01-25 23:34:45 DEBUG o.s.security.web.FilterChainProxy - Secured GET /
2025-01-25 23:34:45 INFO  com.zaxxer.hikari.HikariDataSource - HikariPool-1 - Starting...
2025-01-25 23:34:46 INFO  com.zaxxer.hikari.pool.HikariPool - HikariPool-1 - Added connection com.mysql.cj.jdbc.ConnectionImpl@4348b8dd
2025-01-25 23:34:46 INFO  com.zaxxer.hikari.HikariDataSource - HikariPool-1 - Start completed.
2025-01-25 23:34:46 DEBUG o.s.s.w.a.AnonymousAuthenticationFilter - Set SecurityContextHolder to anonymous SecurityContext
2025-01-25 23:34:46 DEBUG o.s.security.web.FilterChainProxy - Securing GET /css/styles.css
2025-01-25 23:34:46 DEBUG o.s.security.web.FilterChainProxy - Secured GET /css/styles.css
2025-01-25 23:34:46 DEBUG o.s.s.w.a.AnonymousAuthenticationFilter - Set SecurityContextHolder to anonymous SecurityContext
2025-01-25 23:34:46 DEBUG o.s.security.web.FilterChainProxy - Securing GET /img/logo0.jpg
2025-01-25 23:34:46 DEBUG o.s.security.web.FilterChainProxy - Securing GET /img/le-petit-prince.jpg
2025-01-25 23:34:46 DEBUG o.s.security.web.FilterChainProxy - Secured GET /img/logo0.jpg
2025-01-25 23:34:46 DEBUG o.s.security.web.FilterChainProxy - Secured GET /img/le-petit-prince.jpg
2025-01-25 23:34:46 DEBUG o.s.s.w.a.AnonymousAuthenticationFilter - Set SecurityContextHolder to anonymous SecurityContext
2025-01-25 23:34:46 DEBUG o.s.s.w.a.AnonymousAuthenticationFilter - Set SecurityContextHolder to anonymous SecurityContext
2025-01-25 23:34:46 DEBUG o.s.security.web.FilterChainProxy - Securing GET /img/le-monde-papier-n-24625-date-05-mars-2024.jpg
2025-01-25 23:34:46 DEBUG o.s.security.web.FilterChainProxy - Secured GET /img/le-monde-papier-n-24625-date-05-mars-2024.jpg
2025-01-25 23:34:46 DEBUG o.s.security.web.FilterChainProxy - Securing GET /img/cites-perdus.jpg
2025-01-25 23:34:46 DEBUG o.s.security.web.FilterChainProxy - Secured GET /img/cites-perdus.jpg
2025-01-25 23:34:46 DEBUG o.s.security.web.FilterChainProxy - Securing GET /img/roi-lion.jpg
2025-01-25 23:34:46 DEBUG o.s.s.w.a.AnonymousAuthenticationFilter - Set SecurityContextHolder to anonymous SecurityContext
2025-01-25 23:34:46 DEBUG o.s.security.web.FilterChainProxy - Secured GET /img/roi-lion.jpg
2025-01-25 23:34:46 DEBUG o.s.security.web.FilterChainProxy - Securing GET /img/guardian.png
2025-01-25 23:34:46 DEBUG o.s.security.web.FilterChainProxy - Securing GET /img/1984.png
2025-01-25 23:34:46 DEBUG o.s.security.web.FilterChainProxy - Securing GET /img/time.png
2025-01-25 23:34:46 DEBUG o.s.security.web.FilterChainProxy - Secured GET /img/guardian.png
2025-01-25 23:34:46 DEBUG o.s.security.web.FilterChainProxy - Secured GET /img/time.png
2025-01-25 23:34:46 DEBUG o.s.security.web.FilterChainProxy - Secured GET /img/1984.png
2025-01-25 23:34:46 DEBUG o.s.s.w.a.AnonymousAuthenticationFilter - Set SecurityContextHolder to anonymous SecurityContext
2025-01-25 23:34:46 DEBUG o.s.s.w.a.AnonymousAuthenticationFilter - Set SecurityContextHolder to anonymous SecurityContext
2025-01-25 23:34:46 DEBUG o.s.security.web.FilterChainProxy - Securing GET /img/toy-story.png
2025-01-25 23:34:46 DEBUG o.s.s.w.a.AnonymousAuthenticationFilter - Set SecurityContextHolder to anonymous SecurityContext
2025-01-25 23:34:46 DEBUG o.s.s.w.a.AnonymousAuthenticationFilter - Set SecurityContextHolder to anonymous SecurityContext
2025-01-25 23:34:46 DEBUG o.s.s.w.a.AnonymousAuthenticationFilter - Set SecurityContextHolder to anonymous SecurityContext
2025-01-25 23:34:46 DEBUG o.s.security.web.FilterChainProxy - Securing GET /img/lotr.png
2025-01-25 23:34:46 DEBUG o.s.security.web.FilterChainProxy - Securing GET /img/nyt.png
2025-01-25 23:34:46 DEBUG o.s.security.web.FilterChainProxy - Secured GET /img/lotr.png
2025-01-25 23:34:46 DEBUG o.s.security.web.FilterChainProxy - Secured GET /img/toy-story.png
2025-01-25 23:34:46 DEBUG o.s.security.web.FilterChainProxy - Secured GET /img/nyt.png
2025-01-25 23:34:46 DEBUG o.s.s.w.a.AnonymousAuthenticationFilter - Set SecurityContextHolder to anonymous SecurityContext
2025-01-25 23:34:46 DEBUG o.s.s.w.a.AnonymousAuthenticationFilter - Set SecurityContextHolder to anonymous SecurityContext
2025-01-25 23:34:46 DEBUG o.s.s.w.a.AnonymousAuthenticationFilter - Set SecurityContextHolder to anonymous SecurityContext
2025-01-25 23:34:46 DEBUG o.s.security.web.FilterChainProxy - Securing GET /error
2025-01-25 23:34:46 DEBUG o.s.security.web.FilterChainProxy - Securing GET /error
2025-01-25 23:34:46 DEBUG o.s.security.web.FilterChainProxy - Securing GET /error
2025-01-25 23:34:46 DEBUG o.s.security.web.FilterChainProxy - Securing GET /error
2025-01-25 23:34:46 DEBUG o.s.security.web.FilterChainProxy - Securing GET /error
2025-01-25 23:34:46 DEBUG o.s.security.web.FilterChainProxy - Securing GET /error
2025-01-25 23:34:46 DEBUG o.s.security.web.FilterChainProxy - Secured GET /error
2025-01-25 23:34:46 DEBUG o.s.security.web.FilterChainProxy - Secured GET /error
2025-01-25 23:34:46 DEBUG o.s.security.web.FilterChainProxy - Secured GET /error
2025-01-25 23:34:46 DEBUG o.s.security.web.FilterChainProxy - Secured GET /error
2025-01-25 23:34:46 DEBUG o.s.security.web.FilterChainProxy - Secured GET /error
2025-01-25 23:34:46 DEBUG o.s.security.web.FilterChainProxy - Secured GET /error
2025-01-25 23:34:46 DEBUG o.s.s.w.a.AnonymousAuthenticationFilter - Set SecurityContextHolder to anonymous SecurityContext
2025-01-25 23:34:46 DEBUG o.s.s.w.a.AnonymousAuthenticationFilter - Set SecurityContextHolder to anonymous SecurityContext
2025-01-25 23:34:46 DEBUG o.s.s.w.a.AnonymousAuthenticationFilter - Set SecurityContextHolder to anonymous SecurityContext
2025-01-25 23:34:46 DEBUG o.s.s.w.a.AnonymousAuthenticationFilter - Set SecurityContextHolder to anonymous SecurityContext
2025-01-25 23:34:46 DEBUG o.s.s.w.a.AnonymousAuthenticationFilter - Set SecurityContextHolder to anonymous SecurityContext
2025-01-25 23:34:46 DEBUG o.s.s.w.a.AnonymousAuthenticationFilter - Set SecurityContextHolder to anonymous SecurityContext
2025-01-25 23:34:46 DEBUG o.s.security.web.FilterChainProxy - Securing GET /img/vogue.png
2025-01-25 23:34:46 DEBUG o.s.security.web.FilterChainProxy - Securing GET /img/accueil.webp
2025-01-25 23:34:46 DEBUG o.s.security.web.FilterChainProxy - Secured GET /img/accueil.webp
2025-01-25 23:34:46 DEBUG o.s.security.web.FilterChainProxy - Secured GET /img/vogue.png
2025-01-25 23:34:46 DEBUG o.s.security.web.FilterChainProxy - Securing GET /img/avengers.png
2025-01-25 23:34:46 DEBUG o.s.security.web.FilterChainProxy - Securing GET /img/hp.png
2025-01-25 23:34:46 DEBUG o.s.security.web.FilterChainProxy - Securing GET /img/forbes.png
2025-01-25 23:34:46 DEBUG o.s.security.web.FilterChainProxy - Securing GET /img/ft.png
2025-01-25 23:34:46 DEBUG o.s.security.web.FilterChainProxy - Secured GET /img/forbes.png
2025-01-25 23:34:46 DEBUG o.s.security.web.FilterChainProxy - Secured GET /img/hp.png
2025-01-25 23:34:46 DEBUG o.s.s.w.a.AnonymousAuthenticationFilter - Set SecurityContextHolder to anonymous SecurityContext
2025-01-25 23:34:46 DEBUG o.s.security.web.FilterChainProxy - Secured GET /img/ft.png
2025-01-25 23:34:46 DEBUG o.s.security.web.FilterChainProxy - Secured GET /img/avengers.png
2025-01-25 23:34:46 DEBUG o.s.security.web.FilterChainProxy - Securing GET /error
2025-01-25 23:34:46 DEBUG o.s.security.web.FilterChainProxy - Secured GET /error
2025-01-25 23:34:46 DEBUG o.s.s.w.a.AnonymousAuthenticationFilter - Set SecurityContextHolder to anonymous SecurityContext
2025-01-25 23:34:46 DEBUG o.s.s.w.a.AnonymousAuthenticationFilter - Set SecurityContextHolder to anonymous SecurityContext
2025-01-25 23:34:46 DEBUG o.s.s.w.a.AnonymousAuthenticationFilter - Set SecurityContextHolder to anonymous SecurityContext
2025-01-25 23:34:46 DEBUG o.s.security.web.FilterChainProxy - Securing GET /error
2025-01-25 23:34:46 DEBUG o.s.s.w.a.AnonymousAuthenticationFilter - Set SecurityContextHolder to anonymous SecurityContext
2025-01-25 23:34:46 DEBUG o.s.security.web.FilterChainProxy - Securing GET /error
2025-01-25 23:34:46 DEBUG o.s.s.w.a.AnonymousAuthenticationFilter - Set SecurityContextHolder to anonymous SecurityContext
2025-01-25 23:34:46 DEBUG o.s.security.web.FilterChainProxy - Securing GET /error
2025-01-25 23:34:46 DEBUG o.s.security.web.FilterChainProxy - Secured GET /error
2025-01-25 23:34:46 DEBUG o.s.s.w.a.AnonymousAuthenticationFilter - Set SecurityContextHolder to anonymous SecurityContext
2025-01-25 23:34:46 DEBUG o.s.security.web.FilterChainProxy - Secured GET /error
2025-01-25 23:34:46 DEBUG o.s.security.web.FilterChainProxy - Secured GET /error
2025-01-25 23:34:46 DEBUG o.s.security.web.FilterChainProxy - Securing GET /error
2025-01-25 23:34:46 DEBUG o.s.security.web.FilterChainProxy - Secured GET /error
2025-01-25 23:34:46 DEBUG o.s.security.web.FilterChainProxy - Securing GET /img/shrek.png
2025-01-25 23:34:46 DEBUG o.s.security.web.FilterChainProxy - Secured GET /img/shrek.png
2025-01-25 23:34:46 DEBUG o.s.s.w.a.AnonymousAuthenticationFilter - Set SecurityContextHolder to anonymous SecurityContext
2025-01-25 23:34:46 DEBUG o.s.s.w.a.AnonymousAuthenticationFilter - Set SecurityContextHolder to anonymous SecurityContext
2025-01-25 23:34:46 DEBUG o.s.s.w.a.AnonymousAuthenticationFilter - Set SecurityContextHolder to anonymous SecurityContext
2025-01-25 23:34:46 DEBUG o.s.s.w.a.AnonymousAuthenticationFilter - Set SecurityContextHolder to anonymous SecurityContext
2025-01-25 23:34:46 DEBUG o.s.s.w.a.AnonymousAuthenticationFilter - Set SecurityContextHolder to anonymous SecurityContext
2025-01-25 23:34:46 DEBUG o.s.security.web.FilterChainProxy - Securing GET /error
2025-01-25 23:34:46 DEBUG o.s.security.web.FilterChainProxy - Secured GET /error
2025-01-25 23:34:46 DEBUG o.s.s.w.a.AnonymousAuthenticationFilter - Set SecurityContextHolder to anonymous SecurityContext
2025-01-25 23:34:49 DEBUG o.s.security.web.FilterChainProxy - Securing GET /documents/1
2025-01-25 23:34:49 DEBUG o.s.security.web.FilterChainProxy - Secured GET /documents/1
2025-01-25 23:34:49 DEBUG c.e.b.controllers.DocumentController - Début de la méthode getDocumentDetails pour l'ID : 1
2025-01-25 23:34:49 DEBUG c.e.b.controllers.DocumentController - Document récupéré : Document{idDocument=1, titre='Le Petit Prince', editeur='Éditions Gallimard', qteTotale=10, qteDisponible=8, datePublication=2023-01-15, typeDocument='Livre', imageUrl='/img/le-petit-prince.jpg'}
2025-01-25 23:34:49 DEBUG c.e.b.controllers.DocumentController - Document ajouté au modèle : Document{idDocument=1, titre='Le Petit Prince', editeur='Éditions Gallimard', qteTotale=10, qteDisponible=8, datePublication=2023-01-15, typeDocument='Livre', imageUrl='/img/le-petit-prince.jpg'}
2025-01-25 23:34:49 DEBUG c.e.b.controllers.DocumentController - Le document est un livre. Récupération des informations spécifiques au livre...
2025-01-25 23:34:49 DEBUG o.s.s.w.a.AnonymousAuthenticationFilter - Set SecurityContextHolder to anonymous SecurityContext
2025-01-25 23:34:49 ERROR o.a.c.c.C.[.[.[.[dispatcherServlet] - Servlet.service() for servlet [dispatcherServlet] in context with path [] threw exception [Request processing failed: org.springframework.jdbc.BadSqlGrammarException: PreparedStatementCallback; bad SQL grammar [SELECT d.idDocument, d.titre, d.editeur, d.qteTotale, d.qteDisponible, d.datePublication, d.imageUrl, l.isbn, l.genre, l.nombrePages FROM Document d JOIN Livre l ON d.idDocument = l.idDocument WHERE d.idDocument = ? AND d.typeDocument = 'Livre']] with root cause
java.sql.SQLSyntaxErrorException: Table 'biblio.document' doesn't exist
	at com.mysql.cj.jdbc.exceptions.SQLError.createSQLException(SQLError.java:120)
	at com.mysql.cj.jdbc.exceptions.SQLExceptionsMapping.translateException(SQLExceptionsMapping.java:122)
	at com.mysql.cj.jdbc.ClientPreparedStatement.executeInternal(ClientPreparedStatement.java:916)
	at com.mysql.cj.jdbc.ClientPreparedStatement.executeQuery(ClientPreparedStatement.java:972)
	at com.zaxxer.hikari.pool.ProxyPreparedStatement.executeQuery(ProxyPreparedStatement.java:52)
	at com.zaxxer.hikari.pool.HikariProxyPreparedStatement.executeQuery(HikariProxyPreparedStatement.java)
	at org.springframework.jdbc.core.JdbcTemplate$1.doInPreparedStatement(JdbcTemplate.java:732)
	at org.springframework.jdbc.core.JdbcTemplate.execute(JdbcTemplate.java:658)
	at org.springframework.jdbc.core.JdbcTemplate.query(JdbcTemplate.java:723)
	at org.springframework.jdbc.core.JdbcTemplate.query(JdbcTemplate.java:754)
	at org.springframework.jdbc.core.JdbcTemplate.query(JdbcTemplate.java:767)
	at org.springframework.jdbc.core.JdbcTemplate.queryForObject(JdbcTemplate.java:896)
	at com.example.bibliotheque.repositories.LivreRepository.findById(LivreRepository.java:87)
	at java.base/jdk.internal.reflect.NativeMethodAccessorImpl.invoke0(Native Method)
	at java.base/jdk.internal.reflect.NativeMethodAccessorImpl.invoke(NativeMethodAccessorImpl.java:77)
	at java.base/jdk.internal.reflect.DelegatingMethodAccessorImpl.invoke(DelegatingMethodAccessorImpl.java:43)
	at java.base/java.lang.reflect.Method.invoke(Method.java:568)
	at org.springframework.aop.support.AopUtils.invokeJoinpointUsingReflection(AopUtils.java:359)
	at org.springframework.aop.framework.ReflectiveMethodInvocation.invokeJoinpoint(ReflectiveMethodInvocation.java:196)
	at org.springframework.aop.framework.ReflectiveMethodInvocation.proceed(ReflectiveMethodInvocation.java:163)
	at org.springframework.dao.support.PersistenceExceptionTranslationInterceptor.invoke(PersistenceExceptionTranslationInterceptor.java:138)
	at org.springframework.aop.framework.ReflectiveMethodInvocation.proceed(ReflectiveMethodInvocation.java:184)
	at org.springframework.aop.framework.CglibAopProxy$DynamicAdvisedInterceptor.intercept(CglibAopProxy.java:727)
	at com.example.bibliotheque.repositories.LivreRepository$$SpringCGLIB$$0.findById(<generated>)
	at com.example.bibliotheque.services.LivreService.getLivreById(LivreService.java:38)
	at com.example.bibliotheque.controllers.DocumentController.getDocumentDetails(DocumentController.java:46)
	at java.base/jdk.internal.reflect.NativeMethodAccessorImpl.invoke0(Native Method)
	at java.base/jdk.internal.reflect.NativeMethodAccessorImpl.invoke(NativeMethodAccessorImpl.java:77)
	at java.base/jdk.internal.reflect.DelegatingMethodAccessorImpl.invoke(DelegatingMethodAccessorImpl.java:43)
	at java.base/java.lang.reflect.Method.invoke(Method.java:568)
	at org.springframework.web.method.support.InvocableHandlerMethod.doInvoke(InvocableHandlerMethod.java:257)
	at org.springframework.web.method.support.InvocableHandlerMethod.invokeForRequest(InvocableHandlerMethod.java:190)
	at org.springframework.web.servlet.mvc.method.annotation.ServletInvocableHandlerMethod.invokeAndHandle(ServletInvocableHandlerMethod.java:118)
	at org.springframework.web.servlet.mvc.method.annotation.RequestMappingHandlerAdapter.invokeHandlerMethod(RequestMappingHandlerAdapter.java:986)
	at org.springframework.web.servlet.mvc.method.annotation.RequestMappingHandlerAdapter.handleInternal(RequestMappingHandlerAdapter.java:891)
	at org.springframework.web.servlet.mvc.method.AbstractHandlerMethodAdapter.handle(AbstractHandlerMethodAdapter.java:87)
	at org.springframework.web.servlet.DispatcherServlet.doDispatch(DispatcherServlet.java:1088)
	at org.springframework.web.servlet.DispatcherServlet.doService(DispatcherServlet.java:978)
	at org.springframework.web.servlet.FrameworkServlet.processRequest(FrameworkServlet.java:1014)
	at org.springframework.web.servlet.FrameworkServlet.doGet(FrameworkServlet.java:903)
	at jakarta.servlet.http.HttpServlet.service(HttpServlet.java:564)
	at org.springframework.web.servlet.FrameworkServlet.service(FrameworkServlet.java:885)
	at jakarta.servlet.http.HttpServlet.service(HttpServlet.java:658)
	at org.apache.catalina.core.ApplicationFilterChain.internalDoFilter(ApplicationFilterChain.java:195)
	at org.apache.catalina.core.ApplicationFilterChain.doFilter(ApplicationFilterChain.java:140)
	at org.apache.tomcat.websocket.server.WsFilter.doFilter(WsFilter.java:51)
	at org.apache.catalina.core.ApplicationFilterChain.internalDoFilter(ApplicationFilterChain.java:164)
	at org.apache.catalina.core.ApplicationFilterChain.doFilter(ApplicationFilterChain.java:140)
	at org.springframework.web.filter.CompositeFilter$VirtualFilterChain.doFilter(CompositeFilter.java:108)
	at org.springframework.security.web.FilterChainProxy.lambda$doFilterInternal$3(FilterChainProxy.java:231)
	at org.springframework.security.web.FilterChainProxy$VirtualFilterChain.doFilter(FilterChainProxy.java:365)
	at org.springframework.security.web.access.intercept.AuthorizationFilter.doFilter(AuthorizationFilter.java:101)
	at org.springframework.security.web.FilterChainProxy$VirtualFilterChain.doFilter(FilterChainProxy.java:374)
	at org.springframework.security.web.access.ExceptionTranslationFilter.doFilter(ExceptionTranslationFilter.java:126)
	at org.springframework.security.web.access.ExceptionTranslationFilter.doFilter(ExceptionTranslationFilter.java:120)
	at org.springframework.security.web.FilterChainProxy$VirtualFilterChain.doFilter(FilterChainProxy.java:374)
	at org.springframework.security.web.authentication.AnonymousAuthenticationFilter.doFilter(AnonymousAuthenticationFilter.java:100)
	at org.springframework.security.web.FilterChainProxy$VirtualFilterChain.doFilter(FilterChainProxy.java:374)
	at org.springframework.security.web.servletapi.SecurityContextHolderAwareRequestFilter.doFilter(SecurityContextHolderAwareRequestFilter.java:179)
	at org.springframework.security.web.FilterChainProxy$VirtualFilterChain.doFilter(FilterChainProxy.java:374)
	at org.springframework.security.web.savedrequest.RequestCacheAwareFilter.doFilter(RequestCacheAwareFilter.java:63)
	at org.springframework.security.web.FilterChainProxy$VirtualFilterChain.doFilter(FilterChainProxy.java:374)
	at org.springframework.security.web.authentication.AbstractAuthenticationProcessingFilter.doFilter(AbstractAuthenticationProcessingFilter.java:227)
	at org.springframework.security.web.authentication.AbstractAuthenticationProcessingFilter.doFilter(AbstractAuthenticationProcessingFilter.java:221)
	at org.springframework.security.web.FilterChainProxy$VirtualFilterChain.doFilter(FilterChainProxy.java:374)
	at org.springframework.security.web.authentication.logout.LogoutFilter.doFilter(LogoutFilter.java:107)
	at org.springframework.security.web.authentication.logout.LogoutFilter.doFilter(LogoutFilter.java:93)
	at org.springframework.security.web.FilterChainProxy$VirtualFilterChain.doFilter(FilterChainProxy.java:374)
	at org.springframework.security.web.header.HeaderWriterFilter.doHeadersAfter(HeaderWriterFilter.java:90)
	at org.springframework.security.web.header.HeaderWriterFilter.doFilterInternal(HeaderWriterFilter.java:75)
	at org.springframework.web.filter.OncePerRequestFilter.doFilter(OncePerRequestFilter.java:116)
	at org.springframework.security.web.FilterChainProxy$VirtualFilterChain.doFilter(FilterChainProxy.java:374)
	at org.springframework.security.web.context.SecurityContextHolderFilter.doFilter(SecurityContextHolderFilter.java:82)
	at org.springframework.security.web.context.SecurityContextHolderFilter.doFilter(SecurityContextHolderFilter.java:69)
	at org.springframework.security.web.FilterChainProxy$VirtualFilterChain.doFilter(FilterChainProxy.java:374)
	at org.springframework.security.web.context.request.async.WebAsyncManagerIntegrationFilter.doFilterInternal(WebAsyncManagerIntegrationFilter.java:62)
	at org.springframework.web.filter.OncePerRequestFilter.doFilter(OncePerRequestFilter.java:116)
	at org.springframework.security.web.FilterChainProxy$VirtualFilterChain.doFilter(FilterChainProxy.java:374)
	at org.springframework.security.web.session.DisableEncodeUrlFilter.doFilterInternal(DisableEncodeUrlFilter.java:42)
	at org.springframework.web.filter.OncePerRequestFilter.doFilter(OncePerRequestFilter.java:116)
	at org.springframework.security.web.FilterChainProxy$VirtualFilterChain.doFilter(FilterChainProxy.java:374)
	at org.springframework.security.web.FilterChainProxy.doFilterInternal(FilterChainProxy.java:233)
	at org.springframework.security.web.FilterChainProxy.doFilter(FilterChainProxy.java:191)
	at org.springframework.web.filter.CompositeFilter$VirtualFilterChain.doFilter(CompositeFilter.java:113)
	at org.springframework.web.servlet.handler.HandlerMappingIntrospector.lambda$createCacheFilter$3(HandlerMappingIntrospector.java:243)
	at org.springframework.web.filter.CompositeFilter$VirtualFilterChain.doFilter(CompositeFilter.java:113)
	at org.springframework.web.filter.CompositeFilter.doFilter(CompositeFilter.java:74)
	at org.springframework.security.config.annotation.web.configuration.WebMvcSecurityConfiguration$CompositeFilterChainProxy.doFilter(WebMvcSecurityConfiguration.java:238)
	at org.springframework.web.filter.DelegatingFilterProxy.invokeDelegate(DelegatingFilterProxy.java:362)
	at org.springframework.web.filter.DelegatingFilterProxy.doFilter(DelegatingFilterProxy.java:278)
	at org.apache.catalina.core.ApplicationFilterChain.internalDoFilter(ApplicationFilterChain.java:164)
	at org.apache.catalina.core.ApplicationFilterChain.doFilter(ApplicationFilterChain.java:140)
	at org.springframework.web.filter.RequestContextFilter.doFilterInternal(RequestContextFilter.java:100)
	at org.springframework.web.filter.OncePerRequestFilter.doFilter(OncePerRequestFilter.java:116)
	at org.apache.catalina.core.ApplicationFilterChain.internalDoFilter(ApplicationFilterChain.java:164)
	at org.apache.catalina.core.ApplicationFilterChain.doFilter(ApplicationFilterChain.java:140)
	at org.springframework.web.filter.FormContentFilter.doFilterInternal(FormContentFilter.java:93)
	at org.springframework.web.filter.OncePerRequestFilter.doFilter(OncePerRequestFilter.java:116)
	at org.apache.catalina.core.ApplicationFilterChain.internalDoFilter(ApplicationFilterChain.java:164)
	at org.apache.catalina.core.ApplicationFilterChain.doFilter(ApplicationFilterChain.java:140)
	at org.springframework.web.filter.CharacterEncodingFilter.doFilterInternal(CharacterEncodingFilter.java:201)
	at org.springframework.web.filter.OncePerRequestFilter.doFilter(OncePerRequestFilter.java:116)
	at org.apache.catalina.core.ApplicationFilterChain.internalDoFilter(ApplicationFilterChain.java:164)
	at org.apache.catalina.core.ApplicationFilterChain.doFilter(ApplicationFilterChain.java:140)
	at org.apache.catalina.core.StandardWrapperValve.invoke(StandardWrapperValve.java:167)
	at org.apache.catalina.core.StandardContextValve.invoke(StandardContextValve.java:90)
	at org.apache.catalina.authenticator.AuthenticatorBase.invoke(AuthenticatorBase.java:483)
	at org.apache.catalina.core.StandardHostValve.invoke(StandardHostValve.java:115)
	at org.apache.catalina.valves.ErrorReportValve.invoke(ErrorReportValve.java:93)
	at org.apache.catalina.core.StandardEngineValve.invoke(StandardEngineValve.java:74)
	at org.apache.catalina.connector.CoyoteAdapter.service(CoyoteAdapter.java:344)
	at org.apache.coyote.http11.Http11Processor.service(Http11Processor.java:397)
	at org.apache.coyote.AbstractProcessorLight.process(AbstractProcessorLight.java:63)
	at org.apache.coyote.AbstractProtocol$ConnectionHandler.process(AbstractProtocol.java:905)
	at org.apache.tomcat.util.net.NioEndpoint$SocketProcessor.doRun(NioEndpoint.java:1741)
	at org.apache.tomcat.util.net.SocketProcessorBase.run(SocketProcessorBase.java:52)
	at org.apache.tomcat.util.threads.ThreadPoolExecutor.runWorker(ThreadPoolExecutor.java:1190)
	at org.apache.tomcat.util.threads.ThreadPoolExecutor$Worker.run(ThreadPoolExecutor.java:659)
	at org.apache.tomcat.util.threads.TaskThread$WrappingRunnable.run(TaskThread.java:63)
	at java.base/java.lang.Thread.run(Thread.java:833)
2025-01-25 23:34:49 DEBUG o.s.security.web.FilterChainProxy - Securing GET /error
2025-01-25 23:34:49 DEBUG o.s.security.web.FilterChainProxy - Secured GET /error
2025-01-25 23:34:49 DEBUG o.s.s.w.a.AnonymousAuthenticationFilter - Set SecurityContextHolder to anonymous SecurityContext
2025-01-25 23:34:49 DEBUG o.s.security.web.FilterChainProxy - Securing GET /css/styles.css
2025-01-25 23:34:49 DEBUG o.s.security.web.FilterChainProxy - Secured GET /css/styles.css
2025-01-25 23:34:49 DEBUG o.s.s.w.a.AnonymousAuthenticationFilter - Set SecurityContextHolder to anonymous SecurityContext
2025-01-25 23:35:14 DEBUG o.s.security.web.FilterChainProxy - Securing GET /css/styles.css
2025-01-25 23:35:14 DEBUG o.s.security.web.FilterChainProxy - Secured GET /css/styles.css
2025-01-25 23:35:14 DEBUG o.s.s.w.a.AnonymousAuthenticationFilter - Set SecurityContextHolder to anonymous SecurityContext
2025-01-25 23:39:33 INFO  o.s.b.w.e.tomcat.GracefulShutdown - Commencing graceful shutdown. Waiting for active requests to complete
2025-01-25 23:39:34 INFO  o.s.b.w.e.tomcat.GracefulShutdown - Graceful shutdown complete
2025-01-25 23:39:34 INFO  com.zaxxer.hikari.HikariDataSource - HikariPool-1 - Shutdown initiated...
2025-01-25 23:39:34 INFO  com.zaxxer.hikari.HikariDataSource - HikariPool-1 - Shutdown completed.
